2023-11-27 19:00:21,394 INFO o.s.b.StartupInfoLogger [main] Starting Application using Java 21.0.1 with PID 24832 (C:\git\MicSrv-CircuitBreaker\circuitbreaker.orderservice\target\classes started by oarth in C:\git\MicSrv-CircuitBreaker\circuitbreaker.orderservice)
2023-11-27 19:00:21,413 INFO o.s.b.SpringApplication [main] No active profile set, falling back to 1 default profile: "default"
2023-11-27 19:00:22,729 INFO o.s.d.r.c.RepositoryConfigurationDelegate [main] Bootstrapping Spring Data JPA repositories in DEFAULT mode.
2023-11-27 19:00:22,796 INFO o.s.d.r.c.RepositoryConfigurationDelegate [main] Finished Spring Data repository scanning in 55 ms. Found 1 JPA repository interface.
2023-11-27 19:00:23,102 INFO o.s.c.c.s.GenericScope [main] BeanFactory id=05b1c547-b295-39d5-b74d-f75ef7f3bcea
2023-11-27 19:00:23,193 WARN o.s.c.s.PostProcessorRegistrationDelegate$BeanPostProcessorChecker [main] Bean 'com.dsigpattern.circuitbreaker.orderservice.feign.InventoryClient' of type [org.springframework.cloud.openfeign.FeignClientFactoryBean] is not eligible for getting processed by all BeanPostProcessors (for example: not eligible for auto-proxying). Is this bean getting eagerly injected into a currently created BeanPostProcessor [persistenceExceptionTranslationPostProcessor]? Check the corresponding BeanPostProcessor declaration and its dependencies.
2023-11-27 19:00:23,975 INFO o.s.b.w.e.t.TomcatWebServer [main] Tomcat initialized with port 9091 (http)
2023-11-27 19:00:23,987 INFO o.a.j.l.DirectJDKLog [main] Initializing ProtocolHandler ["http-nio-9091"]
2023-11-27 19:00:23,992 INFO o.a.j.l.DirectJDKLog [main] Starting service [Tomcat]
2023-11-27 19:00:23,993 INFO o.a.j.l.DirectJDKLog [main] Starting Servlet engine: [Apache Tomcat/10.1.16]
2023-11-27 19:00:24,080 INFO o.a.j.l.DirectJDKLog [main] Initializing Spring embedded WebApplicationContext
2023-11-27 19:00:24,081 INFO o.s.b.w.s.c.ServletWebServerApplicationContext [main] Root WebApplicationContext: initialization completed in 2607 ms
2023-11-27 19:00:24,318 INFO c.z.h.HikariDataSource [main] HikariPool-1 - Starting...
2023-11-27 19:00:24,580 INFO c.z.h.p.HikariPool [main] HikariPool-1 - Added connection conn0: url=jdbc:h2:mem:testdb user=SA
2023-11-27 19:00:24,582 INFO c.z.h.HikariDataSource [main] HikariPool-1 - Start completed.
2023-11-27 19:00:24,593 INFO o.s.b.a.h.H2ConsoleAutoConfiguration [main] H2 console available at '/h2'. Database available at 'jdbc:h2:mem:testdb'
2023-11-27 19:00:24,857 INFO o.h.j.i.u.LogHelper [main] HHH000204: Processing PersistenceUnitInfo [name: default]
2023-11-27 19:00:24,925 INFO o.h.Version [main] HHH000412: Hibernate ORM core version 6.3.1.Final
2023-11-27 19:00:24,963 INFO o.h.c.i.RegionFactoryInitiator [main] HHH000026: Second-level cache disabled
2023-11-27 19:00:25,224 INFO o.s.o.j.p.SpringPersistenceUnitInfo [main] No LoadTimeWeaver setup: ignoring JPA class transformer
2023-11-27 19:00:25,282 WARN o.h.e.j.d.i.DialectFactoryImpl [main] HHH90000025: H2Dialect does not need to be specified explicitly using 'hibernate.dialect' (remove the property setting and it will be selected by default)
2023-11-27 19:00:26,159 INFO o.h.e.t.j.p.i.JtaPlatformInitiator [main] HHH000489: No JTA platform available (set 'hibernate.transaction.jta.platform' to enable JTA platform integration)
2023-11-27 19:00:26,223 INFO o.s.o.j.AbstractEntityManagerFactoryBean [main] Initialized JPA EntityManagerFactory for persistence unit 'default'
2023-11-27 19:00:26,684 WARN o.s.b.a.o.j.JpaBaseConfiguration$JpaWebConfiguration [main] spring.jpa.open-in-view is enabled by default. Therefore, database queries may be performed during view rendering. Explicitly configure spring.jpa.open-in-view to disable this warning
2023-11-27 19:00:28,542 INFO o.s.b.a.e.w.EndpointLinksResolver [main] Exposing 23 endpoint(s) beneath base path '/actuator'
2023-11-27 19:00:28,658 INFO o.a.j.l.DirectJDKLog [main] Starting ProtocolHandler ["http-nio-9091"]
2023-11-27 19:00:28,688 INFO o.s.b.w.e.t.TomcatWebServer [main] Tomcat started on port 9091 (http) with context path ''
2023-11-27 19:00:28,707 INFO o.s.b.StartupInfoLogger [main] Started Application in 7.977 seconds (process running for 9.131)
2023-11-27 19:00:29,564 INFO o.a.j.l.DirectJDKLog [RMI TCP Connection(3)-127.0.0.1] Initializing Spring DispatcherServlet 'dispatcherServlet'
2023-11-27 19:00:29,564 INFO o.s.w.s.FrameworkServlet [RMI TCP Connection(3)-127.0.0.1] Initializing Servlet 'dispatcherServlet'
2023-11-27 19:00:29,567 INFO o.s.w.s.FrameworkServlet [RMI TCP Connection(3)-127.0.0.1] Completed initialization in 3 ms
2023-11-27 19:00:40,083 INFO c.d.c.o.s.OrderService [http-nio-9091-exec-2] Check Inventory availability method is not work at this point of time.
2023-11-27 19:01:00,194 INFO c.d.c.o.s.OrderService [http-nio-9091-exec-3] Check Inventory availability method is not work at this point of time.
2023-11-27 19:01:01,508 INFO c.d.c.o.s.OrderService [http-nio-9091-exec-6] Check Inventory availability method is not work at this point of time.
2023-11-27 19:01:02,696 INFO c.d.c.o.s.OrderService [http-nio-9091-exec-9] Check Inventory availability method is not work at this point of time.
2023-11-27 19:01:03,769 INFO c.d.c.o.s.OrderService [http-nio-9091-exec-7] Check Inventory availability method is not work at this point of time.
2023-11-27 19:01:04,702 INFO c.d.c.o.s.OrderService [http-nio-9091-exec-10] Check Inventory availability method is not work at this point of time.
2023-11-27 19:01:05,678 INFO c.d.c.o.s.OrderService [http-nio-9091-exec-4] Check Inventory availability method is not work at this point of time.
2023-11-27 19:01:06,416 INFO c.d.c.o.s.OrderService [http-nio-9091-exec-8] Check Inventory availability method is not work at this point of time.
2023-11-27 19:01:08,748 INFO c.d.c.o.s.OrderService [http-nio-9091-exec-5] Check Inventory availability method is not work at this point of time.
2023-11-27 19:01:09,793 INFO c.d.c.o.s.OrderService [http-nio-9091-exec-1] Check Inventory availability method is not work at this point of time.
2023-11-27 19:01:11,925 INFO c.d.c.o.s.OrderService [http-nio-9091-exec-2] Check Inventory availability method is not work at this point of time.
2023-11-27 19:01:13,056 INFO c.d.c.o.s.OrderService [http-nio-9091-exec-3] Check Inventory availability method is not work at this point of time.
2023-11-27 19:01:14,084 INFO c.d.c.o.s.OrderService [http-nio-9091-exec-6] Check Inventory availability method is not work at this point of time.
2023-11-27 19:03:07,037 INFO c.d.c.o.s.OrderService [http-nio-9091-exec-6] Check Inventory availability method is not work at this point of time.
2023-11-27 19:04:54,779 INFO o.s.b.a.SpringApplicationAdminMXBeanRegistrar$SpringApplicationAdmin [RMI TCP Connection(9)-127.0.0.1] Application shutdown requested.
2023-11-27 19:04:54,788 INFO o.a.j.l.DirectJDKLog [RMI TCP Connection(9)-127.0.0.1] Stopping ProtocolHandler ["http-nio-9091"]
2023-11-27 19:04:54,804 INFO o.s.o.j.AbstractEntityManagerFactoryBean [RMI TCP Connection(9)-127.0.0.1] Closing JPA EntityManagerFactory for persistence unit 'default'
2023-11-27 19:04:54,810 INFO c.z.h.HikariDataSource [RMI TCP Connection(9)-127.0.0.1] HikariPool-1 - Shutdown initiated...
2023-11-27 19:04:54,814 INFO c.z.h.HikariDataSource [RMI TCP Connection(9)-127.0.0.1] HikariPool-1 - Shutdown completed.
